<?xml version="1.0" encoding="UTF-8"?>
<testsuites name="jest tests" tests="6" failures="0" time="13.254">
  <testsuite name="- Button component" errors="0" failures="0" skipped="0" timestamp="2019-11-09T10:59:59" time="7.206" tests="1">
    <testcase classname="- Button component button" name="- Button component button" time="0.02">
    </testcase>
  </testsuite>
  <testsuite name="- Icon component" errors="0" failures="0" skipped="0" timestamp="2019-11-09T10:59:59" time="7.534" tests="5">
    <testcase classname="- Icon component icon props name should be correct" name="- Icon component icon props name should be correct" time="0.014">
    </testcase>
    <testcase classname="- Icon component icon set classNames &quot;test&quot; will be &quot;test&quot;" name="- Icon component icon set classNames &quot;test&quot; will be &quot;test&quot;" time="0.002">
    </testcase>
    <testcase classname="- Icon component icon set classNames &quot;undefined&quot; will be empty" name="- Icon component icon set classNames &quot;undefined&quot; will be empty" time="0.001">
    </testcase>
    <testcase classname="- Icon component icon event click" name="- Icon component icon event click" time="0.051">
    </testcase>
    <testcase classname="- Icon component there is no name property value will return null" name="- Icon component there is no name property value will return null" time="0.006">
    </testcase>
  </testsuite>
</testsuites>